[11:03:39] [User Authenticator #15/INFO]: UUID of player spokemon_boy is c7e06521-9ca1-4dbb-a7fa-f7b70d178c43
[11:03:40] [Server thread/INFO]: spokemon_boy[/95.27.111.204:50375] logged in with entity id 215504 at (10.47690798895246, 73.0, 220.93787886166024)
[11:03:40] [Server thread/INFO]: spokemon_boy joined the game
[11:04:09] [Server thread/INFO]: [spokemon_boy: Set own game mode to Creative Mode]
[11:04:34] [Server thread/INFO]: [spokemon_boy: Set the time to 3198000]
[11:04:36] [Server thread/INFO]: [spokemon_boy: Toggled downfall]
[11:04:40] [Server thread/INFO]: [spokemon_boy: Toggled downfall]
[11:04:47] [Server thread/INFO]: [spokemon_boy: Toggled downfall]
[11:07:18] [Server thread/WARN]: Can't keep up! Did the system time change, or is the server overloaded? Running 2210ms behind, skipping 44 tick(s)
[11:10:27] [Server thread/INFO]: [spokemon_boy: Set the time to 3222000]
[11:10:34] [Server thread/WARN]: Can't keep up! Did the system time change, or is the server overloaded? Running 2393ms behind, skipping 47 tick(s)
[11:12:15] [Server thread/INFO]: [spokemon_boy: Given [Jungle Sapling] * 64 to spokemon_boy]
[11:12:18] [Server thread/INFO]: [spokemon_boy: Given [Jungle Sapling] * 1 to spokemon_boy]
[11:12:20] [Server thread/INFO]: [spokemon_boy: Given [Jungle Sapling] * 1 to spokemon_boy]
[11:12:20] [Server thread/INFO]: [spokemon_boy: Given [Jungle Sapling] * 1 to spokemon_boy]
[11:12:21] [Server thread/INFO]: [spokemon_boy: Given [Birch Leaves] * 1 to spokemon_boy]
[11:12:22] [Server thread/INFO]: [spokemon_boy: Given [Jungle Sapling] * 1 to spokemon_boy]
[11:12:23] [Server thread/INFO]: [spokemon_boy: Given [Jungle Sapling] * 1 to spokemon_boy]
[11:12:52] [Server thread/INFO]: [spokemon_boy: Given [Rubber Tree Sapling] * 1 to spokemon_boy]
[11:12:53] [Server thread/INFO]: [spokemon_boy: Given [Rubber Tree Sapling] * 1 to spokemon_boy]
[11:12:53] [Server thread/INFO]: [spokemon_boy: Given [Rubber Tree Sapling] * 1 to spokemon_boy]
[11:12:54] [Server thread/INFO]: [spokemon_boy: Given [Rubber Tree Sapling] * 1 to spokemon_boy]
[11:12:54] [Server thread/INFO]: [spokemon_boy: Given [Rubber Tree Sapling] * 1 to spokemon_boy]
[11:14:04] [Server thread/INFO]: [spokemon_boy: Toggled downfall]
[11:14:30] [Server thread/INFO]: [spokemon_boy: Given [Wooden Door] * 1 to spokemon_boy]
[11:14:39] [Server thread/INFO]: [spokemon_boy: Given [Fence] * 1 to spokemon_boy]
[11:14:44] [Server thread/INFO]: [spokemon_boy: Given [Torch] * 1 to spokemon_boy]
[11:14:44] [Server thread/INFO]: [spokemon_boy: Given [Torch] * 1 to spokemon_boy]
[11:15:05] [Server thread/INFO]: [spokemon_boy: Set own game mode to Survival Mode]
[11:15:31] [Server thread/INFO]: spokemon_boy fell out of the world
[11:25:54] [Server thread/INFO]: spokemon_boy lost connection: TextComponent{text='Disconnected', siblings=[], style=Style{hasParent=false, color=null, bold=null, italic=null, underlined=null, obfuscated=null, clickEvent=null, hoverEvent=null}}
[11:25:54] [Server thread/INFO]: spokemon_boy left the game
[13:22:29] [Server thread/INFO]: Stopping the server
[13:22:29] [Server thread/INFO]: Stopping server
[13:22:29] [Server thread/INFO]: Saving players
[13:22:29] [Server thread/INFO]: Saving worlds
[13:22:29] [Server thread/INFO]: Saving chunks for level 'world'/Overworld
[13:22:29] [Server thread/INFO]: Saving chunks for level 'world'/Nether
[13:22:29] [Server thread/INFO]: Saving chunks for level 'world'/The End
