[17:15:29] [Server thread/INFO]: Starting minecraft server version 1.7.10
[17:15:29] [Server console handler/ERROR]: Exception handling console input
java.io.IOException: Неверный дескриптор
	at java.io.FileInputStream.readBytes(Native Method) ~[?:1.8.0_211]
	at java.io.FileInputStream.read(Unknown Source) ~[?:1.8.0_211]
	at java.io.BufferedInputStream.read1(Unknown Source) ~[?:1.8.0_211]
	at java.io.BufferedInputStream.read(Unknown Source) ~[?:1.8.0_211]
	at sun.nio.cs.StreamDecoder.readBytes(Unknown Source) ~[?:1.8.0_211]
	at sun.nio.cs.StreamDecoder.implRead(Unknown Source) ~[?:1.8.0_211]
	at sun.nio.cs.StreamDecoder.read(Unknown Source) ~[?:1.8.0_211]
	at java.io.InputStreamReader.read(Unknown Source) ~[?:1.8.0_211]
	at java.io.BufferedReader.fill(Unknown Source) ~[?:1.8.0_211]
	at java.io.BufferedReader.readLine(Unknown Source) ~[?:1.8.0_211]
	at java.io.BufferedReader.readLine(Unknown Source) ~[?:1.8.0_211]
	at net.minecraft.server.dedicated.DedicatedServer$2.run(DedicatedServer.java:97) [lv.class:?]
[17:15:31] [Server thread/INFO]: Loading properties
[17:15:31] [Server thread/INFO]: Default game type: SURVIVAL
[17:15:31] [Server thread/INFO]: Generating keypair
[17:15:31] [Server thread/INFO]: Starting Minecraft server on *:25565
[17:15:31] [Server thread/WARN]: Failed to load user banlist: 
java.io.FileNotFoundException: banned-players.json (Не удается найти указанный файл)
	at java.io.FileInputStream.open0(Native Method) ~[?:1.8.0_211]
	at java.io.FileInputStream.open(Unknown Source) ~[?:1.8.0_211]
	at java.io.FileInputStream.<init>(Unknown Source) ~[?:1.8.0_211]
	at com.google.common.io.Files.newReader(Files.java:86) ~[guava-17.0.jar:?]
	at net.minecraft.server.management.UserList.func_152679_g(SourceFile:124) ~[om.class:?]
	at net.minecraft.server.dedicated.DedicatedPlayerList.func_152620_y(SourceFile:99) [ls.class:?]
	at net.minecraft.server.dedicated.DedicatedPlayerList.<init>(SourceFile:25) [ls.class:?]
	at net.minecraft.server.dedicated.DedicatedServer.func_71197_b(DedicatedServer.java:211) [lt.class:?]
	at net.minecraft.server.MinecraftServer.run(MinecraftServer.java:387) [MinecraftServer.class:?]
	at net.minecraft.server.MinecraftServer$2.run(MinecraftServer.java:685) [li.class:?]
[17:15:31] [Server thread/WARN]: Failed to load ip banlist: 
java.io.FileNotFoundException: banned-ips.json (Не удается найти указанный файл)
	at java.io.FileInputStream.open0(Native Method) ~[?:1.8.0_211]
	at java.io.FileInputStream.open(Unknown Source) ~[?:1.8.0_211]
	at java.io.FileInputStream.<init>(Unknown Source) ~[?:1.8.0_211]
	at com.google.common.io.Files.newReader(Files.java:86) ~[guava-17.0.jar:?]
	at net.minecraft.server.management.UserList.func_152679_g(SourceFile:124) ~[om.class:?]
	at net.minecraft.server.dedicated.DedicatedPlayerList.func_152619_x(SourceFile:91) [ls.class:?]
	at net.minecraft.server.dedicated.DedicatedPlayerList.<init>(SourceFile:27) [ls.class:?]
	at net.minecraft.server.dedicated.DedicatedServer.func_71197_b(DedicatedServer.java:211) [lt.class:?]
	at net.minecraft.server.MinecraftServer.run(MinecraftServer.java:387) [MinecraftServer.class:?]
	at net.minecraft.server.MinecraftServer$2.run(MinecraftServer.java:685) [li.class:?]
[17:15:31] [Server thread/WARN]: Failed to load operators list: 
java.io.FileNotFoundException: ops.json (Не удается найти указанный файл)
	at java.io.FileInputStream.open0(Native Method) ~[?:1.8.0_211]
	at java.io.FileInputStream.open(Unknown Source) ~[?:1.8.0_211]
	at java.io.FileInputStream.<init>(Unknown Source) ~[?:1.8.0_211]
	at com.google.common.io.Files.newReader(Files.java:86) ~[guava-17.0.jar:?]
	at net.minecraft.server.management.UserList.func_152679_g(SourceFile:124) ~[om.class:?]
	at net.minecraft.server.dedicated.DedicatedPlayerList.func_72417_t(SourceFile:107) [ls.class:?]
	at net.minecraft.server.dedicated.DedicatedPlayerList.<init>(SourceFile:29) [ls.class:?]
	at net.minecraft.server.dedicated.DedicatedServer.func_71197_b(DedicatedServer.java:211) [lt.class:?]
	at net.minecraft.server.MinecraftServer.run(MinecraftServer.java:387) [MinecraftServer.class:?]
	at net.minecraft.server.MinecraftServer$2.run(MinecraftServer.java:685) [li.class:?]
[17:15:31] [Server thread/WARN]: Failed to load white-list: 
java.io.FileNotFoundException: whitelist.json (Не удается найти указанный файл)
	at java.io.FileInputStream.open0(Native Method) ~[?:1.8.0_211]
	at java.io.FileInputStream.open(Unknown Source) ~[?:1.8.0_211]
	at java.io.FileInputStream.<init>(Unknown Source) ~[?:1.8.0_211]
	at com.google.common.io.Files.newReader(Files.java:86) ~[guava-17.0.jar:?]
	at net.minecraft.server.management.UserList.func_152679_g(SourceFile:124) ~[om.class:?]
	at net.minecraft.server.dedicated.DedicatedPlayerList.func_72418_v(SourceFile:123) [ls.class:?]
	at net.minecraft.server.dedicated.DedicatedPlayerList.<init>(SourceFile:30) [ls.class:?]
	at net.minecraft.server.dedicated.DedicatedServer.func_71197_b(DedicatedServer.java:211) [lt.class:?]
	at net.minecraft.server.MinecraftServer.run(MinecraftServer.java:387) [MinecraftServer.class:?]
	at net.minecraft.server.MinecraftServer$2.run(MinecraftServer.java:685) [li.class:?]
[17:15:31] [Server thread/INFO]: Preparing level "world"
[17:15:32] [Server thread/INFO]: Preparing start region for level 0
[17:15:33] [Server thread/INFO]: Preparing spawn area: 9%
[17:15:34] [Server thread/INFO]: Preparing spawn area: 23%
[17:15:35] [Server thread/INFO]: Preparing spawn area: 39%
[17:15:36] [Server thread/INFO]: Preparing spawn area: 54%
[17:15:37] [Server thread/INFO]: Preparing spawn area: 70%
[17:15:38] [Server thread/INFO]: Preparing spawn area: 90%
[17:15:38] [Server thread/INFO]: Done (7,123s)! For help, type "help" or "?"
[17:16:01] [Server thread/INFO]: Stopping the server
[17:16:01] [Server thread/INFO]: Stopping server
[17:16:01] [Server thread/INFO]: Saving players
[17:16:01] [Server thread/INFO]: Saving worlds
[17:16:01] [Server thread/INFO]: Saving chunks for level 'world'/Overworld
[17:16:01] [Server thread/INFO]: Saving chunks for level 'world'/Nether
[17:16:01] [Server thread/INFO]: Saving chunks for level 'world'/The End
