5/22/19 11:50 AM;LEFT_CLICK_BLOCK;FallenMuerte;DIM:0;-68;63;247;|;-6;6;24
5/22/19 11:50 AM;HARVEST_BLOCK;FallenMuerte;DIM:0;-68;63;247;|;-6;6;24
5/22/19 11:50 AM;LEFT_CLICK_BLOCK;FallenMuerte;DIM:0;-68;63;248;|;-6;6;24
5/22/19 11:50 AM;HARVEST_BLOCK;FallenMuerte;DIM:0;-68;63;248;|;-6;6;24
5/22/19 11:50 AM;LEFT_CLICK_BLOCK;FallenMuerte;DIM:0;-68;62;248;|;-6;6;24
5/22/19 11:50 AM;LEFT_CLICK_BLOCK;FallenMuerte;DIM:0;-69;62;249;|;-6;6;24
5/22/19 11:50 AM;HARVEST_BLOCK;FallenMuerte;DIM:0;-69;62;249;|;-6;6;24
5/22/19 11:50 AM;LEFT_CLICK_BLOCK;FallenMuerte;DIM:0;-69;62;250;|;-6;6;25
5/22/19 11:51 AM;HARVEST_BLOCK;FallenMuerte;DIM:0;-69;62;250;|;-6;6;25
5/22/19 11:51 AM;LEFT_CLICK_BLOCK;FallenMuerte;DIM:0;-35;65;256;|;-3;6;25
5/22/19 11:51 AM;HARVEST_BLOCK;FallenMuerte;DIM:0;-35;65;256;|;-3;6;25
5/22/19 11:51 AM;LEFT_CLICK_BLOCK;FallenMuerte;DIM:0;-38;64;260;|;-3;6;26
5/22/19 11:51 AM;HARVEST_BLOCK;FallenMuerte;DIM:0;-38;64;260;|;-3;6;26
5/22/19 11:51 AM;LEFT_CLICK_BLOCK;FallenMuerte;DIM:0;-39;63;264;|;-3;6;26
5/22/19 11:51 AM;LEFT_CLICK_BLOCK;FallenMuerte;DIM:0;-40;63;266;|;-4;6;26
5/22/19 11:51 AM;LEFT_CLICK_BLOCK;FallenMuerte;DIM:0;-42;63;266;|;-4;6;26
5/22/19 11:51 AM;LEFT_CLICK_BLOCK;FallenMuerte;DIM:0;-42;63;265;|;-4;6;26
5/22/19 11:51 AM;LEFT_CLICK_BLOCK;FallenMuerte;DIM:0;-42;62;267;|;-4;6;26
5/22/19 11:51 AM;LEFT_CLICK_BLOCK;FallenMuerte;DIM:0;-41;63;263;|;-4;6;26
5/22/19 11:51 AM;LEFT_CLICK_BLOCK;FallenMuerte;DIM:0;-40;64;262;|;-4;6;26
5/22/19 11:51 AM;LEFT_CLICK_BLOCK;FallenMuerte;DIM:0;-43;63;262;|;-4;6;26
5/22/19 11:51 AM;LEFT_CLICK_BLOCK;FallenMuerte;DIM:0;-43;63;263;|;-4;6;26
5/22/19 11:51 AM;LEFT_CLICK_BLOCK;FallenMuerte;DIM:0;-41;64;261;|;-4;6;26
5/22/19 11:51 AM;LEFT_CLICK_BLOCK;FallenMuerte;DIM:0;-43;63;262;|;-4;6;26
5/22/19 11:51 AM;LEFT_CLICK_BLOCK;FallenMuerte;DIM:0;-42;63;262;|;-4;6;26
5/22/19 11:51 AM;LEFT_CLICK_BLOCK;FallenMuerte;DIM:0;-40;64;262;|;-4;6;26
5/22/19 11:51 AM;LEFT_CLICK_BLOCK;FallenMuerte;DIM:0;-41;64;261;|;-4;6;26
5/22/19 11:51 AM;LEFT_CLICK_BLOCK;FallenMuerte;DIM:0;-40;64;261;|;-4;6;26
5/22/19 11:51 AM;LEFT_CLICK_BLOCK;FallenMuerte;DIM:0;-41;64;261;|;-4;6;26
5/22/19 11:52 AM;RIGHT_CLICK_BLOCK;FallenMuerte;DIM:0;-26;64;263;|;-2;6;26
5/22/19 11:52 AM;RIGHT_CLICK_BLOCK;FallenMuerte;DIM:0;-26;64;262;|;-2;6;26
5/22/19 11:52 AM;RIGHT_CLICK_BLOCK;FallenMuerte;DIM:0;-27;62;255;|;-2;6;25
5/22/19 11:52 AM;RIGHT_CLICK_BLOCK;FallenMuerte;DIM:0;-27;62;256;|;-2;6;25
5/22/19 11:52 AM;RIGHT_CLICK_BLOCK;FallenMuerte;DIM:0;-27;62;255;|;-2;6;25
5/22/19 11:52 AM;LEFT_CLICK_BLOCK;FallenMuerte;DIM:0;-27;63;255;|;-2;6;25
5/22/19 11:52 AM;HARVEST_BLOCK;FallenMuerte;DIM:0;-27;63;255;|;-2;6;25
5/22/19 11:52 AM;LEFT_CLICK_BLOCK;FallenMuerte;DIM:0;-27;63;256;|;-2;6;25
5/22/19 11:52 AM;HARVEST_BLOCK;FallenMuerte;DIM:0;-27;63;256;|;-2;6;25
5/22/19 11:54 AM;LEFT_CLICK_BLOCK;FallenMuerte;DIM:0;-5;63;290;|;0;6;29
5/22/19 11:54 AM;HARVEST_BLOCK;FallenMuerte;DIM:0;-5;63;290;|;0;6;29
5/22/19 11:54 AM;LEFT_CLICK_BLOCK;FallenMuerte;DIM:0;-5;63;289;|;0;6;28
5/22/19 11:54 AM;HARVEST_BLOCK;FallenMuerte;DIM:0;-5;63;289;|;0;6;28
5/22/19 11:54 AM;LEFT_CLICK_BLOCK;FallenMuerte;DIM:0;-4;63;289;|;0;6;28
5/22/19 11:54 AM;HARVEST_BLOCK;FallenMuerte;DIM:0;-4;63;289;|;0;6;28
5/22/19 11:54 AM;LEFT_CLICK_BLOCK;FallenMuerte;DIM:0;-4;63;288;|;0;6;28
5/22/19 11:54 AM;HARVEST_BLOCK;FallenMuerte;DIM:0;-4;63;288;|;0;6;28
5/22/19 11:54 AM;LEFT_CLICK_BLOCK;FallenMuerte;DIM:0;-4;62;288;|;0;6;28
5/22/19 11:54 AM;LEFT_CLICK_BLOCK;FallenMuerte;DIM:0;-4;63;287;|;0;6;28
5/22/19 11:54 AM;LEFT_CLICK_BLOCK;FallenMuerte;DIM:0;-5;63;288;|;0;6;28
5/22/19 11:54 AM;HARVEST_BLOCK;FallenMuerte;DIM:0;-5;63;288;|;0;6;28
5/22/19 11:54 AM;LEFT_CLICK_BLOCK;FallenMuerte;DIM:0;-5;63;287;|;0;6;28
5/22/19 11:54 AM;HARVEST_BLOCK;FallenMuerte;DIM:0;-5;63;287;|;0;6;28
5/22/19 11:54 AM;LEFT_CLICK_BLOCK;FallenMuerte;DIM:0;-5;62;287;|;0;6;28
5/22/19 11:54 AM;LEFT_CLICK_BLOCK;FallenMuerte;DIM:0;-6;63;287;|;0;6;28
5/22/19 11:54 AM;HARVEST_BLOCK;FallenMuerte;DIM:0;-6;63;287;|;0;6;28
5/22/19 11:54 AM;LEFT_CLICK_BLOCK;FallenMuerte;DIM:0;-6;63;286;|;0;6;28
5/22/19 11:54 AM;HARVEST_BLOCK;FallenMuerte;DIM:0;-6;63;286;|;0;6;28
5/22/19 11:54 AM;LEFT_CLICK_BLOCK;FallenMuerte;DIM:0;-7;63;286;|;0;6;28
5/22/19 11:54 AM;HARVEST_BLOCK;FallenMuerte;DIM:0;-7;63;286;|;0;6;28
5/22/19 11:54 AM;LEFT_CLICK_BLOCK;FallenMuerte;DIM:0;-7;63;287;|;0;6;28
5/22/19 11:54 AM;HARVEST_BLOCK;FallenMuerte;DIM:0;-7;63;287;|;0;6;28
5/22/19 11:54 AM;LEFT_CLICK_BLOCK;FallenMuerte;DIM:0;-8;63;287;|;0;6;28
5/22/19 11:54 AM;HARVEST_BLOCK;FallenMuerte;DIM:0;-8;63;287;|;0;6;28
5/22/19 11:54 AM;LEFT_CLICK_BLOCK;FallenMuerte;DIM:0;-8;62;287;|;0;6;28
5/22/19 11:54 AM;HARVEST_BLOCK;FallenMuerte;DIM:0;-8;62;287;|;0;6;28
5/22/19 11:54 AM;LEFT_CLICK_BLOCK;FallenMuerte;DIM:0;-8;62;286;|;0;6;28
5/22/19 11:54 AM;LEFT_CLICK_BLOCK;FallenMuerte;DIM:0;-8;63;286;|;0;6;28
5/22/19 11:54 AM;HARVEST_BLOCK;FallenMuerte;DIM:0;-8;63;286;|;0;6;28
5/22/19 11:54 AM;LEFT_CLICK_BLOCK;FallenMuerte;DIM:0;-8;62;286;|;0;6;28
5/22/19 11:54 AM;LEFT_CLICK_BLOCK;FallenMuerte;DIM:0;-9;63;286;|;0;6;28
5/22/19 11:54 AM;HARVEST_BLOCK;FallenMuerte;DIM:0;-9;63;286;|;0;6;28
5/22/19 11:54 AM;LEFT_CLICK_BLOCK;FallenMuerte;DIM:0;-9;62;286;|;0;6;28
5/22/19 11:54 AM;HARVEST_BLOCK;FallenMuerte;DIM:0;-9;62;286;|;0;6;28
5/22/19 11:54 AM;LEFT_CLICK_BLOCK;FallenMuerte;DIM:0;-10;62;286;|;-1;6;28
5/22/19 11:54 AM;LEFT_CLICK_BLOCK;FallenMuerte;DIM:0;-10;63;286;|;-1;6;28
5/22/19 11:54 AM;HARVEST_BLOCK;FallenMuerte;DIM:0;-10;63;286;|;-1;6;28
5/22/19 11:54 AM;LEFT_CLICK_BLOCK;FallenMuerte;DIM:0;-10;62;286;|;-1;6;28
5/22/19 11:54 AM;HARVEST_BLOCK;FallenMuerte;DIM:0;-10;62;286;|;-1;6;28
5/22/19 11:54 AM;LEFT_CLICK_BLOCK;FallenMuerte;DIM:0;-10;63;287;|;-1;6;28
5/22/19 11:54 AM;LEFT_CLICK_BLOCK;FallenMuerte;DIM:0;-9;63;287;|;0;6;28
5/22/19 11:54 AM;HARVEST_BLOCK;FallenMuerte;DIM:0;-9;63;287;|;0;6;28
5/22/19 11:54 AM;LEFT_CLICK_BLOCK;FallenMuerte;DIM:0;-10;63;287;|;-1;6;28
5/22/19 11:54 AM;HARVEST_BLOCK;FallenMuerte;DIM:0;-10;63;287;|;-1;6;28
5/22/19 11:54 AM;LEFT_CLICK_BLOCK;FallenMuerte;DIM:0;-10;62;287;|;-1;6;28
5/22/19 11:54 AM;LEFT_CLICK_BLOCK;FallenMuerte;DIM:0;-11;63;287;|;-1;6;28
5/22/19 11:54 AM;HARVEST_BLOCK;FallenMuerte;DIM:0;-11;63;287;|;-1;6;28
5/22/19 11:55 AM;LEFT_CLICK_BLOCK;FallenMuerte;DIM:0;-11;63;288;|;-1;6;28
5/22/19 11:55 AM;LEFT_CLICK_BLOCK;FallenMuerte;DIM:0;-12;63;288;|;-1;6;28
5/22/19 11:55 AM;LEFT_CLICK_BLOCK;FallenMuerte;DIM:0;-13;63;288;|;-1;6;28
5/22/19 11:55 AM;LEFT_CLICK_BLOCK;FallenMuerte;DIM:0;-13;63;287;|;-1;6;28
5/22/19 11:55 AM;LEFT_CLICK_BLOCK;FallenMuerte;DIM:0;-13;64;286;|;-1;6;28
5/22/19 11:55 AM;HARVEST_BLOCK;FallenMuerte;DIM:0;-13;64;286;|;-1;6;28
5/22/19 11:55 AM;LEFT_CLICK_BLOCK;FallenMuerte;DIM:0;-13;63;286;|;-1;6;28
5/22/19 11:55 AM;LEFT_CLICK_BLOCK;FallenMuerte;DIM:0;-13;63;285;|;-1;6;28
5/22/19 11:55 AM;LEFT_CLICK_BLOCK;FallenMuerte;DIM:0;-13;64;285;|;-1;6;28
5/22/19 11:55 AM;HARVEST_BLOCK;FallenMuerte;DIM:0;-13;64;285;|;-1;6;28
5/22/19 11:55 AM;LEFT_CLICK_BLOCK;FallenMuerte;DIM:0;-13;63;285;|;-1;6;28
5/22/19 11:55 AM;LEFT_CLICK_BLOCK;FallenMuerte;DIM:0;-13;64;284;|;-1;6;28
5/22/19 11:55 AM;HARVEST_BLOCK;FallenMuerte;DIM:0;-13;64;284;|;-1;6;28
5/22/19 11:55 AM;LEFT_CLICK_BLOCK;FallenMuerte;DIM:0;-13;63;283;|;-1;6;28
5/22/19 11:57 AM;LEFT_CLICK_BLOCK;FallenMuerte;DIM:0;-163;74;338;|;-16;7;33
5/22/19 11:57 AM;RIGHT_CLICK_BLOCK;FallenMuerte;DIM:0;-164;74;339;|;-16;7;33
5/22/19 11:57 AM;RIGHT_CLICK_BLOCK;FallenMuerte;DIM:0;-164;74;338;|;-16;7;33
5/22/19 11:57 AM;LEFT_CLICK_BLOCK;FallenMuerte;DIM:0;-164;74;339;|;-16;7;33
5/22/19 11:57 AM;LEFT_CLICK_BLOCK;FallenMuerte;DIM:0;-164;74;338;|;-16;7;33
5/22/19 11:57 AM;RIGHT_CLICK_BLOCK;FallenMuerte;DIM:0;-174;65;335;|;-17;6;33
5/22/19 11:57 AM;LEFT_CLICK_BLOCK;FallenMuerte;DIM:0;-174;65;335;|;-17;6;33
5/22/19 11:57 AM;LEFT_CLICK_BLOCK;FallenMuerte;DIM:0;215;66;244;|;21;6;24
